<?xml version="1.0" encoding="UTF-8"?>
<!-- Generated by org.testng.reporters.JUnitXMLReporter -->
<testsuite hostname="EPHUBUDW0097" name="w1" tests="15" failures="0" timestamp="5 Apr 2016 08:29:48 GMT" time="0.03" errors="0">
  <testcase name="whenCreateCandyWithQuantityThenSuccess" time="0.009" classname="com.epam.CandyTest"/>
  <testcase name="whenCreateChocolateWithQualityThenSuccess" time="0.0" classname="com.epam.ChocolateTest"/>
  <testcase name="whenDeleteNotExistingItemsQuantityThenException" time="0.0" classname="com.epam.OrderTest"/>
  <testcase name="whenDeleteNotExistingItemsQuantityThenException" time="0.0" classname="com.epam.OrderTest"/>
  <testcase name="whenGetAveragePriceThenSuccess" time="0.0" classname="com.epam.OrderTest"/>
  <testcase name="whenGetTotalPriceThenSuccess" time="0.001" classname="com.epam.OrderTest"/>
  <testcase name="whenModifyNotExistingThenException" time="0.001" classname="com.epam.OrderTest"/>
  <testcase name="whenModifyNotExistingThenException" time="0.0" classname="com.epam.OrderTest"/>
  <testcase name="whenModifyQuantityThenSuccess" time="0.001" classname="com.epam.OrderTest"/>
  <testcase name="whenModifyQuantityThenSuccess" time="0.0" classname="com.epam.OrderTest"/>
  <testcase name="whenModifyQuantityThenSuccess" time="0.0" classname="com.epam.OrderTest"/>
  <testcase name="whenModifyQuantityThenSuccess" time="0.001" classname="com.epam.OrderTest"/>
  <testcase name="whenModifyQuantityThenSuccess" time="0.0" classname="com.epam.OrderTest"/>
  <testcase name="whenModifyToNegativeQuantityThenException" time="0.0" classname="com.epam.OrderTest"/>
  <testcase name="whenModifyToNegativeQuantityThenException" time="0.0" classname="com.epam.OrderTest"/>
</testsuite> <!-- w1 -->
